<?xml version="1.0" encoding="UTF-8"?>
<!-- Generated by org.testng.reporters.JUnitReportReporter -->
<testsuite skipped="0" hostname="Admins-MacBook-Pro.local" name="com.nopcommerce.tests.HomePageTest" tests="4" failures="0" timestamp="2022-02-17T22:14:23 CST" time="0.529" errors="0">
  <testcase name="validatePageTitle" time="0.419" classname="com.nopcommerce.tests.HomePageTest"/>
  <system-out/>
  <testcase name="verifyLogoTest" time="0.041" classname="com.nopcommerce.tests.HomePageTest"/>
  <system-out/>
  <testcase name="verifyRegisterLinkTest" time="0.034" classname="com.nopcommerce.tests.HomePageTest"/>
  <system-out/>
  <testcase name="verifyLoginTest" time="0.035" classname="com.nopcommerce.tests.HomePageTest"/>
  <system-out/>
</testsuite> <!-- com.nopcommerce.tests.HomePageTest -->
