<?xml version="1.0" encoding="UTF-8"?>
<!-- Generated by org.testng.reporters.JUnitReportReporter -->
<testsuite skipped="0" hostname="Admins-MacBook-Pro.local" name="com.nopcommerce.tests.LoginPageTest" tests="3" failures="0" timestamp="2022-02-17T22:14:23 CST" time="3.281" errors="0">
  <testcase name="verifyLoginPageNameTest" time="0.571" classname="com.nopcommerce.tests.LoginPageTest"/>
  <system-out/>
  <testcase name="VerifyRegisterButtonStatusTest" time="0.052" classname="com.nopcommerce.tests.LoginPageTest"/>
  <system-out/>
  <testcase name="validateUserLoginTest" time="2.658" classname="com.nopcommerce.tests.LoginPageTest"/>
  <system-out/>
</testsuite> <!-- com.nopcommerce.tests.LoginPageTest -->
