<?xml version="1.0" encoding="UTF-8"?>
<!-- Generated by org.testng.reporters.JUnitReportReporter -->
<testsuite skipped="0" hostname="Admins-MacBook-Pro.local" name="com.nopcommerce.tests.RegisterPageTest" tests="1" failures="0" timestamp="2022-02-17T22:14:23 CST" time="6.150" errors="0">
  <testcase name="registerNewUser" time="6.150" classname="com.nopcommerce.tests.RegisterPageTest"/>
  <system-out/>
</testsuite> <!-- com.nopcommerce.tests.RegisterPageTest -->
