<?xml version="1.0" encoding="UTF-8"?>
<!-- Generated by org.testng.reporters.JUnitReportReporter -->
<testsuite skipped="0" hostname="Admins-MacBook-Pro.local" name="com.nopcommerce.tests.SearchPageTest" tests="3" failures="0" timestamp="2022-02-17T22:14:23 CST" time="2.897" errors="0">
  <testcase name="verifySearchPageNameTest" time="1.735" classname="com.nopcommerce.tests.SearchPageTest"/>
  <system-out/>
  <testcase name="verifyManufactureDropdownListTest" time="0.667" classname="com.nopcommerce.tests.SearchPageTest"/>
  <system-out/>
  <testcase name="validateCategoryListTest" time="0.495" classname="com.nopcommerce.tests.SearchPageTest"/>
  <system-out/>
</testsuite> <!-- com.nopcommerce.tests.SearchPageTest -->
